c:\users\manyan\documents\github\mywork\ulib\obj\vc140.pdb
c:\users\manyan\documents\github\mywork\ulib\obj\vc140.idb
c:\users\manyan\documents\github\mywork\ulib\obj\dllmain.obj
c:\users\manyan\documents\github\mywork\ulib\obj\ulib.pdb
c:\users\manyan\documents\github\mywork\ulib\obj\ulib.idb
c:\users\manyan\documents\github\mywork\ulib\obj\stdafx.obj
c:\users\manyan\documents\github\mywork\ulib\obj\ulib.obj
c:\users\manyan\documents\github\mywork\ulib\obj\mutex.obj
c:\users\manyan\documents\github\mywork\ulib\lib\win32\debug\ulib.lib
c:\users\manyan\documents\github\mywork\ulib\\lib\win32\debug\ulib.pdb
c:\users\manyan\documents\github\mywork\ulib\\lib\win32\debug\ulib.lib
c:\users\manyan\documents\github\mywork\ulib\obj\ulib.tlog\cl.command.1.tlog
c:\users\manyan\documents\github\mywork\ulib\obj\ulib.tlog\cl.read.1.tlog
c:\users\manyan\documents\github\mywork\ulib\obj\ulib.tlog\cl.write.1.tlog
c:\users\manyan\documents\github\mywork\ulib\obj\ulib.tlog\lib-link.read.1.tlog
c:\users\manyan\documents\github\mywork\ulib\obj\ulib.tlog\lib-link.write.1.tlog
c:\users\manyan\documents\github\mywork\ulib\obj\ulib.tlog\lib.command.1.tlog
c:\users\manyan\documents\github\mywork\ulib\obj\ulib.tlog\link.command.1.tlog
c:\users\manyan\documents\github\mywork\ulib\obj\ulib.tlog\link.read.1.tlog
c:\users\manyan\documents\github\mywork\ulib\obj\ulib.tlog\link.write.1.tlog
c:\users\manyan\documents\github\mywork\ulib\obj\ulib.tlog\ulib.write.1u.tlog
